{"C:\\Git\\portfolio2026\\src\\scripts\\_crypto.js": {"path":"C:\\Git\\portfolio2026\\src\\scripts\\_crypto.js","statementMap":{"0":{"start":{"line":3,"column":19},"end":{"line":3,"column":66}},"1":{"start":{"line":4,"column":18},"end":{"line":4,"column":65}},"2":{"start":{"line":5,"column":24},"end":{"line":14,"column":1}},"3":{"start":{"line":6,"column":18},"end":{"line":6,"column":78}},"4":{"start":{"line":7,"column":15},"end":{"line":7,"column":47}},"5":{"start":{"line":8,"column":20},"end":{"line":12,"column":4}},"6":{"start":{"line":13,"column":2},"end":{"line":13,"column":54}},"7":{"start":{"line":16,"column":24},"end":{"line":27,"column":1}},"8":{"start":{"line":17,"column":26},"end":{"line":17,"column":56}},"9":{"start":{"line":18,"column":15},"end":{"line":18,"column":61}},"10":{"start":{"line":19,"column":18},"end":{"line":23,"column":4}},"11":{"start":{"line":24,"column":23},"end":{"line":24,"column":58}},"12":{"start":{"line":25,"column":25},"end":{"line":25,"column":48}},"13":{"start":{"line":26,"column":2},"end":{"line":26,"column":94}},"14":{"start":{"line":29,"column":23},"end":{"line":31,"column":1}},"15":{"start":{"line":30,"column":2},"end":{"line":30,"column":91}}},"fnMap":{"0":{"name":"(anonymous_0)","decl":{"start":{"line":5,"column":24},"end":{"line":5,"column":25}},"loc":{"start":{"line":5,"column":36},"end":{"line":14,"column":1}},"line":5},"1":{"name":"(anonymous_1)","decl":{"start":{"line":16,"column":24},"end":{"line":16,"column":25}},"loc":{"start":{"line":16,"column":36},"end":{"line":27,"column":1}},"line":16},"2":{"name":"(anonymous_2)","decl":{"start":{"line":29,"column":23},"end":{"line":29,"column":24}},"loc":{"start":{"line":29,"column":43},"end":{"line":31,"column":1}},"line":29}},"branchMap":{"0":{"loc":{"start":{"line":6,"column":18},"end":{"line":6,"column":78}},"type":"cond-expr","locations":[{"start":{"line":6,"column":47},"end":{"line":6,"column":69}},{"start":{"line":6,"column":72},"end":{"line":6,"column":78}}],"line":6},"1":{"loc":{"start":{"line":26,"column":9},"end":{"line":26,"column":94}},"type":"cond-expr","locations":[{"start":{"line":26,"column":51},"end":{"line":26,"column":77}},{"start":{"line":26,"column":80},"end":{"line":26,"column":94}}],"line":26}},"s":{"0":1,"1":1,"2":1,"3":10,"4":10,"5":10,"6":10,"7":1,"8":2,"9":2,"10":2,"11":2,"12":2,"13":2,"14":1,"15":6},"f":{"0":10,"1":2,"2":6},"b":{"0":[2,8],"1":[1,1]},"meta":{"lastBranch":2,"lastFunction":3,"lastStatement":16,"seen":{"s:3:19:3:66":0,"s:4:18:4:65":1,"s:5:24:14:1":2,"f:5:24:5:25":0,"s:6:18:6:78":3,"b:6:47:6:69:6:72:6:78":0,"s:7:15:7:47":4,"s:8:20:12:4":5,"s:13:2:13:54":6,"s:16:24:27:1":7,"f:16:24:16:25":1,"s:17:26:17:56":8,"s:18:15:18:61":9,"s:19:18:23:4":10,"s:24:23:24:58":11,"s:25:25:25:48":12,"s:26:2:26:94":13,"b:26:51:26:77:26:80:26:94":1,"s:29:23:31:1":14,"f:29:23:29:24":2,"s:30:2:30:91":15}}}
,"C:\\Git\\portfolio2026\\src\\scripts\\_prototype.js": {"path":"C:\\Git\\portfolio2026\\src\\scripts\\_prototype.js","statementMap":{"0":{"start":{"line":2,"column":24},"end":{"line":23,"column":1}},"1":{"start":{"line":3,"column":16},"end":{"line":3,"column":79}},"2":{"start":{"line":4,"column":21},"end":{"line":4,"column":25}},"3":{"start":{"line":5,"column":22},"end":{"line":5,"column":25}},"4":{"start":{"line":6,"column":20},"end":{"line":6,"column":39}},"5":{"start":{"line":7,"column":18},"end":{"line":7,"column":98}},"6":{"start":{"line":8,"column":23},"end":{"line":8,"column":66}},"7":{"start":{"line":9,"column":23},"end":{"line":9,"column":46}},"8":{"start":{"line":10,"column":23},"end":{"line":10,"column":65}},"9":{"start":{"line":11,"column":26},"end":{"line":11,"column":88}},"10":{"start":{"line":13,"column":4},"end":{"line":13,"column":100}},"11":{"start":{"line":15,"column":2},"end":{"line":17,"column":3}},"12":{"start":{"line":16,"column":4},"end":{"line":16,"column":14}},"13":{"start":{"line":18,"column":2},"end":{"line":20,"column":3}},"14":{"start":{"line":19,"column":4},"end":{"line":19,"column":14}},"15":{"start":{"line":22,"column":2},"end":{"line":22,"column":12}}},"fnMap":{"0":{"name":"(anonymous_0)","decl":{"start":{"line":2,"column":24},"end":{"line":2,"column":25}},"loc":{"start":{"line":2,"column":30},"end":{"line":23,"column":1}},"line":2}},"branchMap":{"0":{"loc":{"start":{"line":3,"column":16},"end":{"line":3,"column":79}},"type":"cond-expr","locations":[{"start":{"line":3,"column":44},"end":{"line":3,"column":75}},{"start":{"line":3,"column":78},"end":{"line":3,"column":79}}],"line":3},"1":{"loc":{"start":{"line":7,"column":18},"end":{"line":7,"column":98}},"type":"binary-expr","locations":[{"start":{"line":7,"column":18},"end":{"line":7,"column":29}},{"start":{"line":7,"column":33},"end":{"line":7,"column":64}},{"start":{"line":7,"column":68},"end":{"line":7,"column":98}}],"line":7},"2":{"loc":{"start":{"line":10,"column":23},"end":{"line":10,"column":65}},"type":"binary-expr","locations":[{"start":{"line":10,"column":23},"end":{"line":10,"column":34}},{"start":{"line":10,"column":38},"end":{"line":10,"column":65}}],"line":10},"3":{"loc":{"start":{"line":13,"column":4},"end":{"line":13,"column":100}},"type":"binary-expr","locations":[{"start":{"line":13,"column":5},"end":{"line":13,"column":16}},{"start":{"line":13,"column":20},"end":{"line":13,"column":43}},{"start":{"line":13,"column":47},"end":{"line":13,"column":70}},{"start":{"line":13,"column":75},"end":{"line":13,"column":100}}],"line":13},"4":{"loc":{"start":{"line":15,"column":2},"end":{"line":17,"column":3}},"type":"if","locations":[{"start":{"line":15,"column":2},"end":{"line":17,"column":3}},{"start":{},"end":{}}],"line":15},"5":{"loc":{"start":{"line":15,"column":6},"end":{"line":15,"column":75}},"type":"binary-expr","locations":[{"start":{"line":15,"column":6},"end":{"line":15,"column":38}},{"start":{"line":15,"column":42},"end":{"line":15,"column":57}},{"start":{"line":15,"column":61},"end":{"line":15,"column":75}}],"line":15},"6":{"loc":{"start":{"line":18,"column":2},"end":{"line":20,"column":3}},"type":"if","locations":[{"start":{"line":18,"column":2},"end":{"line":20,"column":3}},{"start":{},"end":{}}],"line":18},"7":{"loc":{"start":{"line":18,"column":6},"end":{"line":18,"column":61}},"type":"binary-expr","locations":[{"start":{"line":18,"column":6},"end":{"line":18,"column":13}},{"start":{"line":18,"column":17},"end":{"line":18,"column":29}},{"start":{"line":18,"column":33},"end":{"line":18,"column":45}},{"start":{"line":18,"column":49},"end":{"line":18,"column":61}}],"line":18}},"s":{"0":1,"1":8,"2":8,"3":8,"4":8,"5":8,"6":8,"7":8,"8":8,"9":8,"10":8,"11":8,"12":3,"13":5,"14":3,"15":2},"f":{"0":8},"b":{"0":[8,0],"1":[8,7,5],"2":[8,1],"3":[8,1,1,8],"4":[3,5],"5":[8,6,5],"6":[3,2],"7":[5,4,4,3]},"meta":{"lastBranch":8,"lastFunction":1,"lastStatement":16,"seen":{"s:2:24:23:1":0,"f:2:24:2:25":0,"s:3:16:3:79":1,"b:3:44:3:75:3:78:3:79":0,"s:4:21:4:25":2,"s:5:22:5:25":3,"s:6:20:6:39":4,"s:7:18:7:98":5,"b:7:18:7:29:7:33:7:64:7:68:7:98":1,"s:8:23:8:66":6,"s:9:23:9:46":7,"s:10:23:10:65":8,"b:10:23:10:34:10:38:10:65":2,"s:11:26:11:88":9,"s:13:4:13:100":10,"b:13:5:13:16:13:20:13:43:13:47:13:70:13:75:13:100":3,"b:15:2:17:3:undefined:undefined:undefined:undefined":4,"s:15:2:17:3":11,"b:15:6:15:38:15:42:15:57:15:61:15:75":5,"s:16:4:16:14":12,"b:18:2:20:3:undefined:undefined:undefined:undefined":6,"s:18:2:20:3":13,"b:18:6:18:13:18:17:18:29:18:33:18:45:18:49:18:61":7,"s:19:4:19:14":14,"s:22:2:22:12":15}}}
,"C:\\Git\\portfolio2026\\src\\stores\\common.js": {"path":"C:\\Git\\portfolio2026\\src\\stores\\common.js","statementMap":{"0":{"start":{"line":4,"column":26},"end":{"line":28,"column":2}},"1":{"start":{"line":6,"column":16},"end":{"line":6,"column":26}},"2":{"start":{"line":12,"column":17},"end":{"line":14,"column":3}},"3":{"start":{"line":13,"column":4},"end":{"line":13,"column":26}},"4":{"start":{"line":19,"column":16},"end":{"line":21,"column":3}},"5":{"start":{"line":20,"column":4},"end":{"line":20,"column":16}},"6":{"start":{"line":23,"column":2},"end":{"line":27,"column":3}}},"fnMap":{"0":{"name":"(anonymous_0)","decl":{"start":{"line":4,"column":49},"end":{"line":4,"column":50}},"loc":{"start":{"line":4,"column":55},"end":{"line":28,"column":1}},"line":4},"1":{"name":"(anonymous_1)","decl":{"start":{"line":12,"column":17},"end":{"line":12,"column":18}},"loc":{"start":{"line":12,"column":30},"end":{"line":14,"column":3}},"line":12},"2":{"name":"(anonymous_2)","decl":{"start":{"line":19,"column":16},"end":{"line":19,"column":17}},"loc":{"start":{"line":19,"column":22},"end":{"line":21,"column":3}},"line":19}},"branchMap":{},"s":{"0":1,"1":3,"2":3,"3":3,"4":3,"5":1,"6":3},"f":{"0":3,"1":3,"2":1},"b":{},"meta":{"lastBranch":0,"lastFunction":3,"lastStatement":7,"seen":{"s:4:26:28:2":0,"f:4:49:4:50":0,"s:6:16:6:26":1,"s:12:17:14:3":2,"f:12:17:12:18":1,"s:13:4:13:26":3,"s:19:16:21:3":4,"f:19:16:19:17":2,"s:20:4:20:16":5,"s:23:2:27:3":6}}}
,"C:\\Git\\portfolio2026\\src\\stores\\global.js": {"path":"C:\\Git\\portfolio2026\\src\\stores\\global.js","statementMap":{"0":{"start":{"line":4,"column":26},"end":{"line":17,"column":2}},"1":{"start":{"line":5,"column":15},"end":{"line":5,"column":61}},"2":{"start":{"line":8,"column":22},"end":{"line":11,"column":3}},"3":{"start":{"line":9,"column":4},"end":{"line":9,"column":26}},"4":{"start":{"line":10,"column":4},"end":{"line":10,"column":45}},"5":{"start":{"line":13,"column":2},"end":{"line":16,"column":3}}},"fnMap":{"0":{"name":"(anonymous_0)","decl":{"start":{"line":4,"column":49},"end":{"line":4,"column":50}},"loc":{"start":{"line":4,"column":55},"end":{"line":17,"column":1}},"line":4},"1":{"name":"(anonymous_1)","decl":{"start":{"line":8,"column":22},"end":{"line":8,"column":23}},"loc":{"start":{"line":8,"column":36},"end":{"line":11,"column":3}},"line":8}},"branchMap":{"0":{"loc":{"start":{"line":5,"column":20},"end":{"line":5,"column":60}},"type":"binary-expr","locations":[{"start":{"line":5,"column":20},"end":{"line":5,"column":51}},{"start":{"line":5,"column":55},"end":{"line":5,"column":60}}],"line":5}},"s":{"0":1,"1":4,"2":4,"3":2,"4":2,"5":4},"f":{"0":4,"1":2},"b":{"0":[4,3]},"meta":{"lastBranch":1,"lastFunction":2,"lastStatement":6,"seen":{"s:4:26:17:2":0,"f:4:49:4:50":0,"s:5:15:5:61":1,"b:5:20:5:51:5:55:5:60":0,"s:8:22:11:3":2,"f:8:22:8:23":1,"s:9:4:9:26":3,"s:10:4:10:45":4,"s:13:2:16:3":5}}}
}
